<?xml version="1.0" encoding="UTF-8"?>
<!-- Generated by org.testng.reporters.JUnitXMLReporter -->
<testsuite hostname="devops182" ignored="0" name="Test" tests="16" failures="0" timestamp="30 Aug 2017 09:17:44 GMT" time="101.132" errors="0">
  <testcase name="setup" time="10.581" classname="jpetStoreckg.catalogueDetailPage4"/>
  <testcase name="setup" time="6.619" classname="jpetStoreckg.catalogueDetailPage5"/>
  <testcase name="setup" time="11.412" classname="jpetStoreckg.Register"/>
  <testcase name="setup" time="6.343" classname="jpetStoreckg.catalogueDetailPage"/>
  <testcase name="setup" time="5.886" classname="jpetStoreckg.catalogueDetailPage2"/>
  <testcase name="setup" time="6.461" classname="jpetStoreckg.catalogueDetailPage3"/>
  <testcase name="setup" time="6.774" classname="jpetStoreckg.catalogueTest"/>
  <testcase name="setup" time="6.233" classname="jpetStoreckg.signOut"/>
  <testcase name="setup" time="5.112" classname="jpetStoreckg.loginTest"/>
  <testcase name="setup" time="4.986" classname="jpetStoreckg.homePageNavigation"/>
  <testcase name="setup" time="4.83" classname="jpetStoreckg.catalogueTest4"/>
  <testcase name="setup" time="5.274" classname="jpetStoreckg.catalogueTest5"/>
  <testcase name="setup" time="4.789" classname="jpetStoreckg.baseTest"/>
  <testcase name="setup" time="4.966" classname="jpetStoreckg.catalogueTest2"/>
  <testcase name="setup" time="5.276" classname="jpetStoreckg.catalogueTest3"/>
  <testcase name="setup" time="5.417" classname="jpetStoreckg.cartPage"/>
</testsuite> <!-- Test -->
