<?xml version="1.0" encoding="UTF-8"?>
<!-- Generated by org.testng.reporters.JUnitXMLReporter -->
<testsuite hostname="devops182" ignored="0" name="Test" tests="16" failures="0" timestamp="31 Aug 2017 08:21:31 GMT" time="128.324" errors="0">
  <testcase name="setup" time="12.071" classname="jpetStoreckg.catalogueDetailPage4"/>
  <testcase name="setup" time="8.156" classname="jpetStoreckg.catalogueDetailPage5"/>
  <testcase name="setup" time="13.52" classname="jpetStoreckg.Register"/>
  <testcase name="setup" time="9.392" classname="jpetStoreckg.catalogueDetailPage"/>
  <testcase name="setup" time="9.586" classname="jpetStoreckg.catalogueDetailPage2"/>
  <testcase name="setup" time="8.306" classname="jpetStoreckg.catalogueDetailPage3"/>
  <testcase name="setup" time="10.56" classname="jpetStoreckg.catalogueTest"/>
  <testcase name="setup" time="7.3" classname="jpetStoreckg.signOut"/>
  <testcase name="setup" time="6.551" classname="jpetStoreckg.loginTest"/>
  <testcase name="setup" time="6.645" classname="jpetStoreckg.homePageNavigation"/>
  <testcase name="setup" time="5.536" classname="jpetStoreckg.catalogueTest4"/>
  <testcase name="setup" time="4.947" classname="jpetStoreckg.catalogueTest5"/>
  <testcase name="setup" time="5.083" classname="jpetStoreckg.baseTest"/>
  <testcase name="setup" time="6.229" classname="jpetStoreckg.catalogueTest2"/>
  <testcase name="setup" time="6.856" classname="jpetStoreckg.catalogueTest3"/>
  <testcase name="setup" time="7.463" classname="jpetStoreckg.cartPage"/>
</testsuite> <!-- Test -->
